<?xml version="1.0" ?>
<!DOCTYPE coverage SYSTEM "http://cobertura.sourceforge.net/xml/coverage-04.dtd">
<coverage lines-valid="11"  lines-covered="11"  line-rate="1"  branches-valid="0"  branches-covered="0"  branch-rate="1"  timestamp="1587442972632" complexity="0" version="0.1">
<sources>
	<source>C:\Users\Haribabu\Desktop\project\backend</source>
</sources>
<packages>
	<package name="specs"  line-rate="1"  branch-rate="1" >
	<classes>
		<class name="validator.spec.js"  filename="specs\validator.spec.js"  line-rate="1"  branch-rate="1" >
		<methods>
		</methods>
		<lines>
			<line number="1"  hits="1"  branch="false" />
			<line number="3"  hits="1"  branch="false" />
			<line number="4"  hits="1"  branch="false" />
			<line number="5"  hits="1"  branch="false" />
			<line number="6"  hits="1"  branch="false" />
			<line number="8"  hits="1"  branch="false" />
			<line number="9"  hits="1"  branch="false" />
			<line number="10"  hits="1"  branch="false" />
			<line number="12"  hits="1"  branch="false" />
			<line number="13"  hits="1"  branch="false" />
			<line number="14"  hits="1"  branch="false" />
		</lines>
		</class>
	</classes>
	</package>
</packages>
</coverage>
